<?xml version="1.0" encoding="UTF-8"?>
<testng-results skipped="0" failed="0" total="1" passed="1">
  <reporter-output>
  </reporter-output>
  <suite name="Default suite" duration-ms="21205" started-at="2016-05-30T15:47:04Z" finished-at="2016-05-30T15:47:26Z">
    <groups>
    </groups>
    <test name="Default test" duration-ms="21205" started-at="2016-05-30T15:47:04Z" finished-at="2016-05-30T15:47:26Z">
      <class name="basic.AviNash">
        <test-method status="PASS" signature="beforeTest()[pri:0, instance:basic.AviNash@51081592]" name="beforeTest" is-config="true" duration-ms="15278" started-at="2016-05-30T21:17:05Z" finished-at="2016-05-30T21:17:20Z">
          <reporter-output>
          </reporter-output>
        </test-method> <!-- beforeTest -->
        <test-method status="PASS" signature="f()[pri:0, instance:basic.AviNash@51081592]" name="f" duration-ms="5777" started-at="2016-05-30T21:17:20Z" finished-at="2016-05-30T21:17:26Z">
          <reporter-output>
          </reporter-output>
        </test-method> <!-- f -->
        <test-method status="PASS" signature="afterTest()[pri:0, instance:basic.AviNash@51081592]" name="afterTest" is-config="true" duration-ms="0" started-at="2016-05-30T21:17:26Z" finished-at="2016-05-30T21:17:26Z">
          <reporter-output>
          </reporter-output>
        </test-method> <!-- afterTest -->
      </class> <!-- basic.AviNash -->
    </test> <!-- Default test -->
  </suite> <!-- Default suite -->
</testng-results>
